<?xml version="1.0" encoding="UTF-8"?>
<coverage generated="1568832733942" clover="3.2.0">
  <project timestamp="1568832733943" name="All files">
    <metrics statements="1" coveredstatements="1" conditionals="4" coveredconditionals="0" methods="12" coveredmethods="6" elements="17" coveredelements="7" complexity="0" loc="1" ncloc="1" packages="1" files="1" classes="1"/>
    <file name="bi-map.js" path="/home/trevor/dev/projects/orgs/jsdsl/bimap/js/bi-map.js">
      <metrics statements="1" coveredstatements="1" conditionals="4" coveredconditionals="0" methods="12" coveredmethods="6"/>
      <line num="1" count="27" type="cond" truecount="0" falsecount="4"/>
    </file>
  </project>
</coverage>
