{"/home/trevor/dev/projects/orgs/jsdsl/bimap/js/bi-map.js": {"path":"/home/trevor/dev/projects/orgs/jsdsl/bimap/js/bi-map.js","statementMap":{"0":{"start":{"line":1,"column":13},"end":{"line":1,"column":68}},"1":{"start":{"line":1,"column":94},"end":{"line":1,"column":143}},"2":{"start":{"line":1,"column":151},"end":{"line":1,"column":176}},"3":{"start":{"line":1,"column":186},"end":{"line":1,"column":206}},"4":{"start":{"line":1,"column":221},"end":{"line":1,"column":250}},"5":{"start":{"line":1,"column":267},"end":{"line":1,"column":298}},"6":{"start":{"line":1,"column":315},"end":{"line":1,"column":366}},"7":{"start":{"line":1,"column":385},"end":{"line":1,"column":405}},"8":{"start":{"line":1,"column":421},"end":{"line":1,"column":540}},"9":{"start":{"line":1,"column":454},"end":{"line":1,"column":476}},"10":{"start":{"line":1,"column":477},"end":{"line":1,"column":539}},"11":{"start":{"line":1,"column":558},"end":{"line":1,"column":681}},"12":{"start":{"line":1,"column":593},"end":{"line":1,"column":617}},"13":{"start":{"line":1,"column":618},"end":{"line":1,"column":680}},"14":{"start":{"line":1,"column":692},"end":{"line":1,"column":721}},"15":{"start":{"line":1,"column":734},"end":{"line":1,"column":765}},"16":{"start":{"line":1,"column":774},"end":{"line":1,"column":823}},"17":{"start":{"line":1,"column":825},"end":{"line":1,"column":845}}},"fnMap":{"0":{"name":"(anonymous_0)","decl":{"start":{"line":1,"column":80},"end":{"line":1,"column":81}},"loc":{"start":{"line":1,"column":93},"end":{"line":1,"column":144}},"line":1},"1":{"name":"(anonymous_1)","decl":{"start":{"line":1,"column":144},"end":{"line":1,"column":145}},"loc":{"start":{"line":1,"column":150},"end":{"line":1,"column":177}},"line":1},"2":{"name":"(anonymous_2)","decl":{"start":{"line":1,"column":177},"end":{"line":1,"column":178}},"loc":{"start":{"line":1,"column":185},"end":{"line":1,"column":207}},"line":1},"3":{"name":"(anonymous_3)","decl":{"start":{"line":1,"column":207},"end":{"line":1,"column":208}},"loc":{"start":{"line":1,"column":220},"end":{"line":1,"column":251}},"line":1},"4":{"name":"(anonymous_4)","decl":{"start":{"line":1,"column":251},"end":{"line":1,"column":252}},"loc":{"start":{"line":1,"column":266},"end":{"line":1,"column":299}},"line":1},"5":{"name":"(anonymous_5)","decl":{"start":{"line":1,"column":299},"end":{"line":1,"column":300}},"loc":{"start":{"line":1,"column":314},"end":{"line":1,"column":367}},"line":1},"6":{"name":"(anonymous_6)","decl":{"start":{"line":1,"column":367},"end":{"line":1,"column":368}},"loc":{"start":{"line":1,"column":384},"end":{"line":1,"column":406}},"line":1},"7":{"name":"(anonymous_7)","decl":{"start":{"line":1,"column":406},"end":{"line":1,"column":407}},"loc":{"start":{"line":1,"column":420},"end":{"line":1,"column":541}},"line":1},"8":{"name":"(anonymous_8)","decl":{"start":{"line":1,"column":541},"end":{"line":1,"column":542}},"loc":{"start":{"line":1,"column":557},"end":{"line":1,"column":682}},"line":1},"9":{"name":"(anonymous_9)","decl":{"start":{"line":1,"column":682},"end":{"line":1,"column":683}},"loc":{"start":{"line":1,"column":691},"end":{"line":1,"column":722}},"line":1},"10":{"name":"(anonymous_10)","decl":{"start":{"line":1,"column":722},"end":{"line":1,"column":723}},"loc":{"start":{"line":1,"column":733},"end":{"line":1,"column":766}},"line":1},"11":{"name":"(anonymous_11)","decl":{"start":{"line":1,"column":766},"end":{"line":1,"column":767}},"loc":{"start":{"line":1,"column":773},"end":{"line":1,"column":824}},"line":1}},"branchMap":{"0":{"loc":{"start":{"line":1,"column":421},"end":{"line":1,"column":540}},"type":"if","locations":[{"start":{"line":1,"column":421},"end":{"line":1,"column":540}},{"start":{"line":1,"column":421},"end":{"line":1,"column":540}}],"line":1},"1":{"loc":{"start":{"line":1,"column":558},"end":{"line":1,"column":681}},"type":"if","locations":[{"start":{"line":1,"column":558},"end":{"line":1,"column":681}},{"start":{"line":1,"column":558},"end":{"line":1,"column":681}}],"line":1}},"s":{"0":1,"1":9,"2":5,"3":27,"4":12,"5":3,"6":27,"7":0,"8":0,"9":0,"10":0,"11":0,"12":0,"13":0,"14":0,"15":0,"16":0,"17":1},"f":{"0":9,"1":5,"2":27,"3":12,"4":3,"5":27,"6":0,"7":0,"8":0,"9":0,"10":0,"11":0},"b":{"0":[0,0],"1":[0,0]},"_coverageSchema":"43e27e138ebf9cfc5966b082cf9a028302ed4184","hash":"65bbaa9e01788c6c4bf52ea04fcfa63ff747d000"}
}
